<?xml version="1.0" encoding="UTF-8"?>
<robot generator="Robot 4.1.2 (Python 3.8.10 on linux)" generated="20211214 15:01:41.151" rpa="false" schemaversion="2">
<suite id="s1" name="API Test" source="/home/tay/PycharmProjects/API_Token/API_Test.robot">
<test id="s1-t1" name="Open Deriv">
<kw name="Login" library="Login">
<arg>${VALID_USER}</arg>
<arg>${VALID_PASS}</arg>
<kw name="Open Browser" library="SeleniumLibrary">
<arg>https://app.deriv.com/account/api-token</arg>
<arg>chrome</arg>
<doc>Opens a new browser instance to the optional ``url``.</doc>
<msg timestamp="20211214 15:01:41.233" level="INFO">Opening browser 'chrome' to base url 'https://app.deriv.com/account/api-token'.</msg>
<status status="PASS" starttime="20211214 15:01:41.233" endtime="20211214 15:01:49.789"/>
</kw>
<kw name="Set Window Size" library="SeleniumLibrary">
<arg>1680</arg>
<arg>1380</arg>
<doc>Sets current windows size to given ``width`` and ``height``.</doc>
<status status="PASS" starttime="20211214 15:01:49.790" endtime="20211214 15:01:49.901"/>
</kw>
<kw name="Wait Until Page Does Not Contain Element" library="SeleniumLibrary">
<arg>dt_core_header_acc-info-preloader</arg>
<arg>60</arg>
<doc>Waits until the element ``locator`` disappears from the current page.</doc>
<status status="PASS" starttime="20211214 15:01:49.901" endtime="20211214 15:01:49.922"/>
</kw>
<kw name="Wait Until Page Contains Element" library="SeleniumLibrary">
<arg>${email_field}</arg>
<arg>15</arg>
<doc>Waits until the element ``locator`` appears on the current page.</doc>
<status status="PASS" starttime="20211214 15:01:49.923" endtime="20211214 15:01:49.938"/>
</kw>
<kw name="Input Text" library="SeleniumLibrary">
<arg>${email_field}</arg>
<arg>${email}</arg>
<doc>Types the given ``text`` into the text field identified by ``locator``.</doc>
<msg timestamp="20211214 15:01:49.939" level="INFO">Typing text 'tay@besquare.com.my' into text field 'name=email'.</msg>
<status status="PASS" starttime="20211214 15:01:49.938" endtime="20211214 15:01:50.003"/>
</kw>
<kw name="Input Text" library="SeleniumLibrary">
<arg>${password_field}</arg>
<arg>${pw}</arg>
<doc>Types the given ``text`` into the text field identified by ``locator``.</doc>
<msg timestamp="20211214 15:01:50.003" level="INFO">Typing text 'Steve19990509.' into text field '//*[@type="password"]'.</msg>
<status status="PASS" starttime="20211214 15:01:50.003" endtime="20211214 15:01:50.056"/>
</kw>
<kw name="Click Element" library="SeleniumLibrary">
<arg>${login_outh_button}</arg>
<doc>Click the element identified by ``locator``.</doc>
<msg timestamp="20211214 15:01:50.056" level="INFO">Clicking element '//*[text()="Log in"]'.</msg>
<status status="PASS" starttime="20211214 15:01:50.056" endtime="20211214 15:01:54.087"/>
</kw>
<status status="PASS" starttime="20211214 15:01:41.233" endtime="20211214 15:01:54.087"/>
</kw>
<kw name="Click_Checkbox" library="Login">
<kw name="Wait Until Page Contains Element" library="SeleniumLibrary">
<arg>${read_checkbox}</arg>
<doc>Waits until the element ``locator`` appears on the current page.</doc>
<status status="PASS" starttime="20211214 15:01:54.087" endtime="20211214 15:01:54.797"/>
</kw>
<kw name="Click Element" library="SeleniumLibrary">
<arg>${read_checkbox}</arg>
<doc>Click the element identified by ``locator``.</doc>
<msg timestamp="20211214 15:01:54.798" level="INFO">Clicking element '//*[text()="Read"]'.</msg>
<status status="PASS" starttime="20211214 15:01:54.797" endtime="20211214 15:01:54.871"/>
</kw>
<kw name="Click Element" library="SeleniumLibrary">
<arg>${payment_checkbox}</arg>
<doc>Click the element identified by ``locator``.</doc>
<msg timestamp="20211214 15:01:54.871" level="INFO">Clicking element '//*[text()="Payments"]'.</msg>
<status status="PASS" starttime="20211214 15:01:54.871" endtime="20211214 15:01:54.947"/>
</kw>
<kw name="Click Element" library="SeleniumLibrary">
<arg>${trading_information_checkbox}</arg>
<doc>Click the element identified by ``locator``.</doc>
<msg timestamp="20211214 15:01:54.948" level="INFO">Clicking element '//*[text()="Trading information"]'.</msg>
<status status="PASS" starttime="20211214 15:01:54.947" endtime="20211214 15:01:55.014"/>
</kw>
<kw name="Click Element" library="SeleniumLibrary">
<arg>${trade_checkbox}</arg>
<doc>Click the element identified by ``locator``.</doc>
<msg timestamp="20211214 15:01:55.015" level="INFO">Clicking element '//*[text()="Trade"]'.</msg>
<status status="PASS" starttime="20211214 15:01:55.014" endtime="20211214 15:01:55.057"/>
</kw>
<kw name="Click Element" library="SeleniumLibrary">
<arg>${admin_checkbox}</arg>
<doc>Click the element identified by ``locator``.</doc>
<msg timestamp="20211214 15:01:55.058" level="INFO">Clicking element '//*[text()="Admin"]'.</msg>
<status status="PASS" starttime="20211214 15:01:55.057" endtime="20211214 15:01:55.104"/>
</kw>
<status status="PASS" starttime="20211214 15:01:54.087" endtime="20211214 15:01:55.105"/>
</kw>
<kw name="Input_Token" library="Login">
<kw name="Input Text" library="SeleniumLibrary">
<arg>${token_input}</arg>
<arg>hello</arg>
<doc>Types the given ``text`` into the text field identified by ``locator``.</doc>
<msg timestamp="20211214 15:01:55.105" level="INFO">Typing text 'hello' into text field '//*[@class="dc-input__field"]'.</msg>
<status status="PASS" starttime="20211214 15:01:55.105" endtime="20211214 15:01:55.210"/>
</kw>
<kw name="Element Should Be Enabled" library="SeleniumLibrary">
<arg>${create_button}</arg>
<doc>Verifies that element identified by ``locator`` is enabled.</doc>
<status status="PASS" starttime="20211214 15:01:55.210" endtime="20211214 15:01:55.238"/>
</kw>
<kw name="Click Element" library="SeleniumLibrary">
<arg>${create_button}</arg>
<doc>Click the element identified by ``locator``.</doc>
<msg timestamp="20211214 15:01:55.238" level="INFO">Clicking element '//*[@class="dc-btn dc-btn__effect dc-btn--primary dc-btn__large da-api-token__button"]'.</msg>
<status status="PASS" starttime="20211214 15:01:55.238" endtime="20211214 15:01:55.311"/>
</kw>
<kw name="Wait Until Page Contains Element" library="SeleniumLibrary">
<arg>${token}</arg>
<doc>Waits until the element ``locator`` appears on the current page.</doc>
<status status="PASS" starttime="20211214 15:01:55.312" endtime="20211214 15:01:55.322"/>
</kw>
<kw name="Page Should Contain Element" library="SeleniumLibrary">
<arg>${delete_button}</arg>
<doc>Verifies that element ``locator`` is found on the current page.</doc>
<msg timestamp="20211214 15:01:55.330" level="INFO">Current page contains element '//*[@class="dc-btn dc-btn--secondary dc-btn__small"]'.</msg>
<status status="PASS" starttime="20211214 15:01:55.322" endtime="20211214 15:01:55.330"/>
</kw>
<status status="PASS" starttime="20211214 15:01:55.105" endtime="20211214 15:01:55.330"/>
</kw>
<status status="PASS" starttime="20211214 15:01:41.233" endtime="20211214 15:01:55.330"/>
</test>
<doc>Suite description</doc>
<status status="PASS" starttime="20211214 15:01:41.152" endtime="20211214 15:01:55.331"/>
</suite>
<statistics>
<total>
<stat pass="1" fail="0" skip="0">All Tests</stat>
</total>
<tag>
</tag>
<suite>
<stat pass="1" fail="0" skip="0" id="s1" name="API Test">API Test</stat>
</suite>
</statistics>
<errors>
</errors>
</robot>
